The system is: Darwin - 14.0.0 - x86_64
Compiling the C compiler identification source file "CMakeCCompilerId.c" succeeded.
Compiler: /usr/local/Cellar/gcc/4.9.1/bin/gcc-4.9 
Build flags: 
Id flags: 

The output was:
0


Compilation of the C compiler identification source "CMakeCCompilerId.c" produced "a.out"

The C compiler identification is GNU, found in "/Users/calvin/Dropbox/My Documents/UBC Stuff/2014W/CPSC 221/Projects/pp3/build/CMakeFiles/3.0.2/CompilerIdC/a.out"

Compiling the CXX compiler identification source file "CMakeCXXCompilerId.cpp" succeeded.
Compiler: /usr/local/Cellar/gcc/4.9.1/bin/g++-4.9 
Build flags: 
Id flags: 

The output was:
0


Compilation of the CXX compiler identification source "CMakeCXXCompilerId.cpp" produced "a.out"

The CXX compiler identification is GNU, found in "/Users/calvin/Dropbox/My Documents/UBC Stuff/2014W/CPSC 221/Projects/pp3/build/CMakeFiles/3.0.2/CompilerIdCXX/a.out"

Determining if the C compiler works passed with the following output:
Change Dir: /Users/calvin/Dropbox/My Documents/UBC Stuff/2014W/CPSC 221/Projects/pp3/build/CMakeFiles/CMakeTmp

Run Build Command:"/usr/bin/make" "cmTryCompileExec100142834/fast"
/Applications/Xcode.app/Contents/Developer/usr/bin/make -f CMakeFiles/cmTryCompileExec100142834.dir/build.make CMakeFiles/cmTryCompileExec100142834.dir/build
/Applications/CMake.app/Contents/bin/cmake -E cmake_progress_report "/Users/calvin/Dropbox/My Documents/UBC Stuff/2014W/CPSC 221/Projects/pp3/build/CMakeFiles/CMakeTmp/CMakeFiles" 1
Building C object CMakeFiles/cmTryCompileExec100142834.dir/testCCompiler.c.o
/usr/local/Cellar/gcc/4.9.1/bin/gcc-4.9    -o CMakeFiles/cmTryCompileExec100142834.dir/testCCompiler.c.o   -c "/Users/calvin/Dropbox/My Documents/UBC Stuff/2014W/CPSC 221/Projects/pp3/build/CMakeFiles/CMakeTmp/testCCompiler.c"
Linking C executable cmTryCompileExec100142834
/Applications/CMake.app/Contents/bin/cmake -E cmake_link_script CMakeFiles/cmTryCompileExec100142834.dir/link.txt --verbose=1
/usr/local/Cellar/gcc/4.9.1/bin/gcc-4.9    -Wl,-search_paths_first -Wl,-headerpad_max_install_names   CMakeFiles/cmTryCompileExec100142834.dir/testCCompiler.c.o  -o cmTryCompileExec100142834  


Detecting C compiler ABI info compiled with the following output:
Change Dir: /Users/calvin/Dropbox/My Documents/UBC Stuff/2014W/CPSC 221/Projects/pp3/build/CMakeFiles/CMakeTmp

Run Build Command:"/usr/bin/make" "cmTryCompileExec3899156875/fast"
/Applications/Xcode.app/Contents/Developer/usr/bin/make -f CMakeFiles/cmTryCompileExec3899156875.dir/build.make CMakeFiles/cmTryCompileExec3899156875.dir/build
/Applications/CMake.app/Contents/bin/cmake -E cmake_progress_report "/Users/calvin/Dropbox/My Documents/UBC Stuff/2014W/CPSC 221/Projects/pp3/build/CMakeFiles/CMakeTmp/CMakeFiles" 1
Building C object CMakeFiles/cmTryCompileExec3899156875.dir/CMakeCCompilerABI.c.o
/usr/local/Cellar/gcc/4.9.1/bin/gcc-4.9    -o CMakeFiles/cmTryCompileExec3899156875.dir/CMakeCCompilerABI.c.o   -c /Applications/CMake.app/Contents/share/cmake-3.0/Modules/CMakeCCompilerABI.c
Linking C executable cmTryCompileExec3899156875
/Applications/CMake.app/Contents/bin/cmake -E cmake_link_script CMakeFiles/cmTryCompileExec3899156875.dir/link.txt --verbose=1
/usr/local/Cellar/gcc/4.9.1/bin/gcc-4.9    -Wl,-search_paths_first -Wl,-headerpad_max_install_names -v -Wl,-v CMakeFiles/cmTryCompileExec3899156875.dir/CMakeCCompilerABI.c.o  -o cmTryCompileExec3899156875   
Using built-in specs.
COLLECT_GCC=/usr/local/Cellar/gcc/4.9.1/bin/gcc-4.9
COLLECT_LTO_WRAPPER=/usr/local/Cellar/gcc/4.9.1/libexec/gcc/x86_64-apple-darwin14.0.0/4.9.1/lto-wrapper
Target: x86_64-apple-darwin14.0.0
Configured with: ../configure --build=x86_64-apple-darwin14.0.0 --prefix=/usr/local/Cellar/gcc/4.9.1 --enable-languages=c,c++,objc,obj-c++,fortran --program-suffix=-4.9 --with-gmp=/usr/local/opt/gmp --with-mpfr=/usr/local/opt/mpfr --with-mpc=/usr/local/opt/libmpc --with-cloog=/usr/local/opt/cloog --with-isl=/usr/local/opt/isl --with-system-zlib --enable-version-specific-runtime-libs --enable-libstdcxx-time=yes --enable-stage1-checking --enable-checking=release --enable-lto --disable-werror --with-pkgversion='Homebrew gcc 4.9.1' --with-bugurl=https://github.com/Homebrew/homebrew/issues --enable-plugin --disable-nls --enable-multilib
Thread model: posix
gcc version 4.9.1 (Homebrew gcc 4.9.1) 
COMPILER_PATH=/usr/local/Cellar/gcc/4.9.1/libexec/gcc/x86_64-apple-darwin14.0.0/4.9.1/:/usr/local/Cellar/gcc/4.9.1/libexec/gcc/x86_64-apple-darwin14.0.0/4.9.1/:/usr/local/Cellar/gcc/4.9.1/libexec/gcc/x86_64-apple-darwin14.0.0/:/usr/local/Cellar/gcc/4.9.1/lib/gcc/x86_64-apple-darwin14.0.0/4.9.1/:/usr/local/Cellar/gcc/4.9.1/lib/gcc/x86_64-apple-darwin14.0.0/
LIBRARY_PATH=/usr/local/Cellar/gcc/4.9.1/lib/gcc/x86_64-apple-darwin14.0.0/4.9.1/:/usr/local/Cellar/gcc/4.9.1/lib/gcc/x86_64-apple-darwin14.0.0/4.9.1/../../../:/usr/lib/
COLLECT_GCC_OPTIONS='-mmacosx-version-min=10.10.0' '-v' '-o' 'cmTryCompileExec3899156875' '-mtune=core2'
 /usr/local/Cellar/gcc/4.9.1/libexec/gcc/x86_64-apple-darwin14.0.0/4.9.1/collect2 -dynamic -arch x86_64 -macosx_version_min 10.10.0 -weak_reference_mismatches non-weak -o cmTryCompileExec3899156875 -L/usr/local/Cellar/gcc/4.9.1/lib/gcc/x86_64-apple-darwin14.0.0/4.9.1 -L/usr/local/Cellar/gcc/4.9.1/lib/gcc/x86_64-apple-darwin14.0.0/4.9.1/../../.. -search_paths_first -headerpad_max_install_names -v CMakeFiles/cmTryCompileExec3899156875.dir/CMakeCCompilerABI.c.o -no_compact_unwind -lSystem -lgcc_ext.10.5 -lgcc -lSystem -v
collect2 version 4.9.1
/usr/bin/ld -dynamic -arch x86_64 -macosx_version_min 10.10.0 -weak_reference_mismatches non-weak -o cmTryCompileExec3899156875 -L/usr/local/Cellar/gcc/4.9.1/lib/gcc/x86_64-apple-darwin14.0.0/4.9.1 -L/usr/local/Cellar/gcc/4.9.1/lib/gcc/x86_64-apple-darwin14.0.0/4.9.1/../../.. -search_paths_first -headerpad_max_install_names -v CMakeFiles/cmTryCompileExec3899156875.dir/CMakeCCompilerABI.c.o -no_compact_unwind -lSystem -lgcc_ext.10.5 -lgcc -lSystem -v
@(#)PROGRAM:ld  PROJECT:ld64-241.9
configured to support archs: armv6 armv7 armv7s arm64 i386 x86_64 x86_64h armv6m armv7m armv7em
@(#)PROGRAM:ld  PROJECT:ld64-241.9
configured to support archs: armv6 armv7 armv7s arm64 i386 x86_64 x86_64h armv6m armv7m armv7em
Library search paths:
	/usr/local/Cellar/gcc/4.9.1/lib/gcc/x86_64-apple-darwin14.0.0/4.9.1
	/usr/local/Cellar/gcc/4.9.1/lib
	/usr/lib
	/usr/local/lib
Framework search paths:
	/Library/Frameworks/
	/System/Library/Frameworks/
 /usr/bin/nm -n CMakeFiles/cmTryCompileExec3899156875.dir/CMakeCCompilerABI.c.o


Parsed C implicit link information from above output:
  link line regex: [^( *|.*[/\])(ld|([^/\]+-)?ld|collect2)[^/\]*( |$)]
  ignore line: [Change Dir: /Users/calvin/Dropbox/My Documents/UBC Stuff/2014W/CPSC 221/Projects/pp3/build/CMakeFiles/CMakeTmp]
  ignore line: []
  ignore line: [Run Build Command:"/usr/bin/make" "cmTryCompileExec3899156875/fast"]
  ignore line: [/Applications/Xcode.app/Contents/Developer/usr/bin/make -f CMakeFiles/cmTryCompileExec3899156875.dir/build.make CMakeFiles/cmTryCompileExec3899156875.dir/build]
  ignore line: [/Applications/CMake.app/Contents/bin/cmake -E cmake_progress_report "/Users/calvin/Dropbox/My Documents/UBC Stuff/2014W/CPSC 221/Projects/pp3/build/CMakeFiles/CMakeTmp/CMakeFiles" 1]
  ignore line: [Building C object CMakeFiles/cmTryCompileExec3899156875.dir/CMakeCCompilerABI.c.o]
  ignore line: [/usr/local/Cellar/gcc/4.9.1/bin/gcc-4.9    -o CMakeFiles/cmTryCompileExec3899156875.dir/CMakeCCompilerABI.c.o   -c /Applications/CMake.app/Contents/share/cmake-3.0/Modules/CMakeCCompilerABI.c]
  ignore line: [Linking C executable cmTryCompileExec3899156875]
  ignore line: [/Applications/CMake.app/Contents/bin/cmake -E cmake_link_script CMakeFiles/cmTryCompileExec3899156875.dir/link.txt --verbose=1]
  ignore line: [/usr/local/Cellar/gcc/4.9.1/bin/gcc-4.9    -Wl,-search_paths_first -Wl,-headerpad_max_install_names -v -Wl,-v CMakeFiles/cmTryCompileExec3899156875.dir/CMakeCCompilerABI.c.o  -o cmTryCompileExec3899156875   ]
  ignore line: [Using built-in specs.]
  ignore line: [COLLECT_GCC=/usr/local/Cellar/gcc/4.9.1/bin/gcc-4.9]
  ignore line: [COLLECT_LTO_WRAPPER=/usr/local/Cellar/gcc/4.9.1/libexec/gcc/x86_64-apple-darwin14.0.0/4.9.1/lto-wrapper]
  ignore line: [Target: x86_64-apple-darwin14.0.0]
  ignore line: [Configured with: ../configure --build=x86_64-apple-darwin14.0.0 --prefix=/usr/local/Cellar/gcc/4.9.1 --enable-languages=c,c++,objc,obj-c++,fortran --program-suffix=-4.9 --with-gmp=/usr/local/opt/gmp --with-mpfr=/usr/local/opt/mpfr --with-mpc=/usr/local/opt/libmpc --with-cloog=/usr/local/opt/cloog --with-isl=/usr/local/opt/isl --with-system-zlib --enable-version-specific-runtime-libs --enable-libstdcxx-time=yes --enable-stage1-checking --enable-checking=release --enable-lto --disable-werror --with-pkgversion='Homebrew gcc 4.9.1' --with-bugurl=https://github.com/Homebrew/homebrew/issues --enable-plugin --disable-nls --enable-multilib]
  ignore line: [Thread model: posix]
  ignore line: [gcc version 4.9.1 (Homebrew gcc 4.9.1) ]
  ignore line: [COMPILER_PATH=/usr/local/Cellar/gcc/4.9.1/libexec/gcc/x86_64-apple-darwin14.0.0/4.9.1/:/usr/local/Cellar/gcc/4.9.1/libexec/gcc/x86_64-apple-darwin14.0.0/4.9.1/:/usr/local/Cellar/gcc/4.9.1/libexec/gcc/x86_64-apple-darwin14.0.0/:/usr/local/Cellar/gcc/4.9.1/lib/gcc/x86_64-apple-darwin14.0.0/4.9.1/:/usr/local/Cellar/gcc/4.9.1/lib/gcc/x86_64-apple-darwin14.0.0/]
  ignore line: [LIBRARY_PATH=/usr/local/Cellar/gcc/4.9.1/lib/gcc/x86_64-apple-darwin14.0.0/4.9.1/:/usr/local/Cellar/gcc/4.9.1/lib/gcc/x86_64-apple-darwin14.0.0/4.9.1/../../../:/usr/lib/]
  ignore line: [COLLECT_GCC_OPTIONS='-mmacosx-version-min=10.10.0' '-v' '-o' 'cmTryCompileExec3899156875' '-mtune=core2']
  link line: [ /usr/local/Cellar/gcc/4.9.1/libexec/gcc/x86_64-apple-darwin14.0.0/4.9.1/collect2 -dynamic -arch x86_64 -macosx_version_min 10.10.0 -weak_reference_mismatches non-weak -o cmTryCompileExec3899156875 -L/usr/local/Cellar/gcc/4.9.1/lib/gcc/x86_64-apple-darwin14.0.0/4.9.1 -L/usr/local/Cellar/gcc/4.9.1/lib/gcc/x86_64-apple-darwin14.0.0/4.9.1/../../.. -search_paths_first -headerpad_max_install_names -v CMakeFiles/cmTryCompileExec3899156875.dir/CMakeCCompilerABI.c.o -no_compact_unwind -lSystem -lgcc_ext.10.5 -lgcc -lSystem -v]
    arg [/usr/local/Cellar/gcc/4.9.1/libexec/gcc/x86_64-apple-darwin14.0.0/4.9.1/collect2] ==> ignore
    arg [-dynamic] ==> ignore
    arg [-arch] ==> ignore
    arg [x86_64] ==> ignore
    arg [-macosx_version_min] ==> ignore
    arg [10.10.0] ==> ignore
    arg [-weak_reference_mismatches] ==> ignore
    arg [non-weak] ==> ignore
    arg [-o] ==> ignore
    arg [cmTryCompileExec3899156875] ==> ignore
    arg [-L/usr/local/Cellar/gcc/4.9.1/lib/gcc/x86_64-apple-darwin14.0.0/4.9.1] ==> dir [/usr/local/Cellar/gcc/4.9.1/lib/gcc/x86_64-apple-darwin14.0.0/4.9.1]
    arg [-L/usr/local/Cellar/gcc/4.9.1/lib/gcc/x86_64-apple-darwin14.0.0/4.9.1/../../..] ==> dir [/usr/local/Cellar/gcc/4.9.1/lib/gcc/x86_64-apple-darwin14.0.0/4.9.1/../../..]
    arg [-search_paths_first] ==> ignore
    arg [-headerpad_max_install_names] ==> ignore
    arg [-v] ==> ignore
    arg [CMakeFiles/cmTryCompileExec3899156875.dir/CMakeCCompilerABI.c.o] ==> ignore
    arg [-no_compact_unwind] ==> ignore
    arg [-lSystem] ==> lib [System]
    arg [-lgcc_ext.10.5] ==> lib [gcc_ext.10.5]
    arg [-lgcc] ==> lib [gcc]
    arg [-lSystem] ==> lib [System]
    arg [-v] ==> ignore
  Library search paths: [;/usr/local/Cellar/gcc/4.9.1/lib/gcc/x86_64-apple-darwin14.0.0/4.9.1;/usr/local/Cellar/gcc/4.9.1/lib;/usr/lib;/usr/local/lib]
  Framework search paths: [;/Library/Frameworks/;/System/Library/Frameworks/]
  remove lib [System]
  remove lib [gcc_ext.10.5]
  remove lib [gcc]
  remove lib [System]
  collapse library dir [/usr/local/Cellar/gcc/4.9.1/lib/gcc/x86_64-apple-darwin14.0.0/4.9.1] ==> [/usr/local/Cellar/gcc/4.9.1/lib/gcc/x86_64-apple-darwin14.0.0/4.9.1]
  collapse library dir [/usr/local/Cellar/gcc/4.9.1/lib/gcc/x86_64-apple-darwin14.0.0/4.9.1/../../..] ==> [/usr/local/Cellar/gcc/4.9.1/lib]
  collapse library dir [/usr/local/Cellar/gcc/4.9.1/lib/gcc/x86_64-apple-darwin14.0.0/4.9.1] ==> [/usr/local/Cellar/gcc/4.9.1/lib/gcc/x86_64-apple-darwin14.0.0/4.9.1]
  collapse library dir [/usr/local/Cellar/gcc/4.9.1/lib] ==> [/usr/local/Cellar/gcc/4.9.1/lib]
  collapse library dir [/usr/lib] ==> [/usr/lib]
  collapse library dir [/usr/local/lib] ==> [/usr/local/lib]
  collapse framework dir [/Library/Frameworks/] ==> [/Library/Frameworks]
  collapse framework dir [/System/Library/Frameworks/] ==> [/System/Library/Frameworks]
  implicit libs: []
  implicit dirs: [/usr/local/Cellar/gcc/4.9.1/lib/gcc/x86_64-apple-darwin14.0.0/4.9.1;/usr/local/Cellar/gcc/4.9.1/lib;/usr/lib;/usr/local/lib]
  implicit fwks: [/Library/Frameworks;/System/Library/Frameworks]


Determining if the CXX compiler works passed with the following output:
Change Dir: /Users/calvin/Dropbox/My Documents/UBC Stuff/2014W/CPSC 221/Projects/pp3/build/CMakeFiles/CMakeTmp

Run Build Command:"/usr/bin/make" "cmTryCompileExec4018134543/fast"
/Applications/Xcode.app/Contents/Developer/usr/bin/make -f CMakeFiles/cmTryCompileExec4018134543.dir/build.make CMakeFiles/cmTryCompileExec4018134543.dir/build
/Applications/CMake.app/Contents/bin/cmake -E cmake_progress_report "/Users/calvin/Dropbox/My Documents/UBC Stuff/2014W/CPSC 221/Projects/pp3/build/CMakeFiles/CMakeTmp/CMakeFiles" 1
Building CXX object CMakeFiles/cmTryCompileExec4018134543.dir/testCXXCompiler.cxx.o
/usr/local/Cellar/gcc/4.9.1/bin/g++-4.9     -o CMakeFiles/cmTryCompileExec4018134543.dir/testCXXCompiler.cxx.o -c "/Users/calvin/Dropbox/My Documents/UBC Stuff/2014W/CPSC 221/Projects/pp3/build/CMakeFiles/CMakeTmp/testCXXCompiler.cxx"
Linking CXX executable cmTryCompileExec4018134543
/Applications/CMake.app/Contents/bin/cmake -E cmake_link_script CMakeFiles/cmTryCompileExec4018134543.dir/link.txt --verbose=1
/usr/local/Cellar/gcc/4.9.1/bin/g++-4.9     -Wl,-search_paths_first -Wl,-headerpad_max_install_names   CMakeFiles/cmTryCompileExec4018134543.dir/testCXXCompiler.cxx.o  -o cmTryCompileExec4018134543  


Detecting CXX compiler ABI info compiled with the following output:
Change Dir: /Users/calvin/Dropbox/My Documents/UBC Stuff/2014W/CPSC 221/Projects/pp3/build/CMakeFiles/CMakeTmp

Run Build Command:"/usr/bin/make" "cmTryCompileExec3222562297/fast"
/Applications/Xcode.app/Contents/Developer/usr/bin/make -f CMakeFiles/cmTryCompileExec3222562297.dir/build.make CMakeFiles/cmTryCompileExec3222562297.dir/build
/Applications/CMake.app/Contents/bin/cmake -E cmake_progress_report "/Users/calvin/Dropbox/My Documents/UBC Stuff/2014W/CPSC 221/Projects/pp3/build/CMakeFiles/CMakeTmp/CMakeFiles" 1
Building CXX object CMakeFiles/cmTryCompileExec3222562297.dir/CMakeCXXCompilerABI.cpp.o
/usr/local/Cellar/gcc/4.9.1/bin/g++-4.9     -o CMakeFiles/cmTryCompileExec3222562297.dir/CMakeCXXCompilerABI.cpp.o -c /Applications/CMake.app/Contents/share/cmake-3.0/Modules/CMakeCXXCompilerABI.cpp
Linking CXX executable cmTryCompileExec3222562297
/Applications/CMake.app/Contents/bin/cmake -E cmake_link_script CMakeFiles/cmTryCompileExec3222562297.dir/link.txt --verbose=1
/usr/local/Cellar/gcc/4.9.1/bin/g++-4.9     -Wl,-search_paths_first -Wl,-headerpad_max_install_names -v -Wl,-v CMakeFiles/cmTryCompileExec3222562297.dir/CMakeCXXCompilerABI.cpp.o  -o cmTryCompileExec3222562297   
Using built-in specs.
COLLECT_GCC=/usr/local/Cellar/gcc/4.9.1/bin/g++-4.9
COLLECT_LTO_WRAPPER=/usr/local/Cellar/gcc/4.9.1/libexec/gcc/x86_64-apple-darwin14.0.0/4.9.1/lto-wrapper
Target: x86_64-apple-darwin14.0.0
Configured with: ../configure --build=x86_64-apple-darwin14.0.0 --prefix=/usr/local/Cellar/gcc/4.9.1 --enable-languages=c,c++,objc,obj-c++,fortran --program-suffix=-4.9 --with-gmp=/usr/local/opt/gmp --with-mpfr=/usr/local/opt/mpfr --with-mpc=/usr/local/opt/libmpc --with-cloog=/usr/local/opt/cloog --with-isl=/usr/local/opt/isl --with-system-zlib --enable-version-specific-runtime-libs --enable-libstdcxx-time=yes --enable-stage1-checking --enable-checking=release --enable-lto --disable-werror --with-pkgversion='Homebrew gcc 4.9.1' --with-bugurl=https://github.com/Homebrew/homebrew/issues --enable-plugin --disable-nls --enable-multilib
Thread model: posix
gcc version 4.9.1 (Homebrew gcc 4.9.1) 
COMPILER_PATH=/usr/local/Cellar/gcc/4.9.1/libexec/gcc/x86_64-apple-darwin14.0.0/4.9.1/:/usr/local/Cellar/gcc/4.9.1/libexec/gcc/x86_64-apple-darwin14.0.0/4.9.1/:/usr/local/Cellar/gcc/4.9.1/libexec/gcc/x86_64-apple-darwin14.0.0/:/usr/local/Cellar/gcc/4.9.1/lib/gcc/x86_64-apple-darwin14.0.0/4.9.1/:/usr/local/Cellar/gcc/4.9.1/lib/gcc/x86_64-apple-darwin14.0.0/
LIBRARY_PATH=/usr/local/Cellar/gcc/4.9.1/lib/gcc/x86_64-apple-darwin14.0.0/4.9.1/:/usr/local/Cellar/gcc/4.9.1/lib/gcc/x86_64-apple-darwin14.0.0/4.9.1/../../../:/usr/lib/
COLLECT_GCC_OPTIONS='-mmacosx-version-min=10.10.0' '-v' '-o' 'cmTryCompileExec3222562297' '-shared-libgcc' '-mtune=core2'
 /usr/local/Cellar/gcc/4.9.1/libexec/gcc/x86_64-apple-darwin14.0.0/4.9.1/collect2 -dynamic -arch x86_64 -macosx_version_min 10.10.0 -weak_reference_mismatches non-weak -o cmTryCompileExec3222562297 -L/usr/local/Cellar/gcc/4.9.1/lib/gcc/x86_64-apple-darwin14.0.0/4.9.1 -L/usr/local/Cellar/gcc/4.9.1/lib/gcc/x86_64-apple-darwin14.0.0/4.9.1/../../.. -search_paths_first -headerpad_max_install_names -v CMakeFiles/cmTryCompileExec3222562297.dir/CMakeCXXCompilerABI.cpp.o -lstdc++ -no_compact_unwind -lSystem -lgcc_ext.10.5 -lgcc -lSystem -v
collect2 version 4.9.1
/usr/bin/ld -dynamic -arch x86_64 -macosx_version_min 10.10.0 -weak_reference_mismatches non-weak -o cmTryCompileExec3222562297 -L/usr/local/Cellar/gcc/4.9.1/lib/gcc/x86_64-apple-darwin14.0.0/4.9.1 -L/usr/local/Cellar/gcc/4.9.1/lib/gcc/x86_64-apple-darwin14.0.0/4.9.1/../../.. -search_paths_first -headerpad_max_install_names -v CMakeFiles/cmTryCompileExec3222562297.dir/CMakeCXXCompilerABI.cpp.o -lstdc++ -no_compact_unwind -lSystem -lgcc_ext.10.5 -lgcc -lSystem -v
@(#)PROGRAM:ld  PROJECT:ld64-241.9
configured to support archs: armv6 armv7 armv7s arm64 i386 x86_64 x86_64h armv6m armv7m armv7em
@(#)PROGRAM:ld  PROJECT:ld64-241.9
configured to support archs: armv6 armv7 armv7s arm64 i386 x86_64 x86_64h armv6m armv7m armv7em
Library search paths:
	/usr/local/Cellar/gcc/4.9.1/lib/gcc/x86_64-apple-darwin14.0.0/4.9.1
	/usr/local/Cellar/gcc/4.9.1/lib
	/usr/lib
	/usr/local/lib
Framework search paths:
	/Library/Frameworks/
	/System/Library/Frameworks/
 /usr/bin/nm -n CMakeFiles/cmTryCompileExec3222562297.dir/CMakeCXXCompilerABI.cpp.o


Parsed CXX implicit link information from above output:
  link line regex: [^( *|.*[/\])(ld|([^/\]+-)?ld|collect2)[^/\]*( |$)]
  ignore line: [Change Dir: /Users/calvin/Dropbox/My Documents/UBC Stuff/2014W/CPSC 221/Projects/pp3/build/CMakeFiles/CMakeTmp]
  ignore line: []
  ignore line: [Run Build Command:"/usr/bin/make" "cmTryCompileExec3222562297/fast"]
  ignore line: [/Applications/Xcode.app/Contents/Developer/usr/bin/make -f CMakeFiles/cmTryCompileExec3222562297.dir/build.make CMakeFiles/cmTryCompileExec3222562297.dir/build]
  ignore line: [/Applications/CMake.app/Contents/bin/cmake -E cmake_progress_report "/Users/calvin/Dropbox/My Documents/UBC Stuff/2014W/CPSC 221/Projects/pp3/build/CMakeFiles/CMakeTmp/CMakeFiles" 1]
  ignore line: [Building CXX object CMakeFiles/cmTryCompileExec3222562297.dir/CMakeCXXCompilerABI.cpp.o]
  ignore line: [/usr/local/Cellar/gcc/4.9.1/bin/g++-4.9     -o CMakeFiles/cmTryCompileExec3222562297.dir/CMakeCXXCompilerABI.cpp.o -c /Applications/CMake.app/Contents/share/cmake-3.0/Modules/CMakeCXXCompilerABI.cpp]
  ignore line: [Linking CXX executable cmTryCompileExec3222562297]
  ignore line: [/Applications/CMake.app/Contents/bin/cmake -E cmake_link_script CMakeFiles/cmTryCompileExec3222562297.dir/link.txt --verbose=1]
  ignore line: [/usr/local/Cellar/gcc/4.9.1/bin/g++-4.9     -Wl,-search_paths_first -Wl,-headerpad_max_install_names -v -Wl,-v CMakeFiles/cmTryCompileExec3222562297.dir/CMakeCXXCompilerABI.cpp.o  -o cmTryCompileExec3222562297   ]
  ignore line: [Using built-in specs.]
  ignore line: [COLLECT_GCC=/usr/local/Cellar/gcc/4.9.1/bin/g++-4.9]
  ignore line: [COLLECT_LTO_WRAPPER=/usr/local/Cellar/gcc/4.9.1/libexec/gcc/x86_64-apple-darwin14.0.0/4.9.1/lto-wrapper]
  ignore line: [Target: x86_64-apple-darwin14.0.0]
  ignore line: [Configured with: ../configure --build=x86_64-apple-darwin14.0.0 --prefix=/usr/local/Cellar/gcc/4.9.1 --enable-languages=c,c++,objc,obj-c++,fortran --program-suffix=-4.9 --with-gmp=/usr/local/opt/gmp --with-mpfr=/usr/local/opt/mpfr --with-mpc=/usr/local/opt/libmpc --with-cloog=/usr/local/opt/cloog --with-isl=/usr/local/opt/isl --with-system-zlib --enable-version-specific-runtime-libs --enable-libstdcxx-time=yes --enable-stage1-checking --enable-checking=release --enable-lto --disable-werror --with-pkgversion='Homebrew gcc 4.9.1' --with-bugurl=https://github.com/Homebrew/homebrew/issues --enable-plugin --disable-nls --enable-multilib]
  ignore line: [Thread model: posix]
  ignore line: [gcc version 4.9.1 (Homebrew gcc 4.9.1) ]
  ignore line: [COMPILER_PATH=/usr/local/Cellar/gcc/4.9.1/libexec/gcc/x86_64-apple-darwin14.0.0/4.9.1/:/usr/local/Cellar/gcc/4.9.1/libexec/gcc/x86_64-apple-darwin14.0.0/4.9.1/:/usr/local/Cellar/gcc/4.9.1/libexec/gcc/x86_64-apple-darwin14.0.0/:/usr/local/Cellar/gcc/4.9.1/lib/gcc/x86_64-apple-darwin14.0.0/4.9.1/:/usr/local/Cellar/gcc/4.9.1/lib/gcc/x86_64-apple-darwin14.0.0/]
  ignore line: [LIBRARY_PATH=/usr/local/Cellar/gcc/4.9.1/lib/gcc/x86_64-apple-darwin14.0.0/4.9.1/:/usr/local/Cellar/gcc/4.9.1/lib/gcc/x86_64-apple-darwin14.0.0/4.9.1/../../../:/usr/lib/]
  ignore line: [COLLECT_GCC_OPTIONS='-mmacosx-version-min=10.10.0' '-v' '-o' 'cmTryCompileExec3222562297' '-shared-libgcc' '-mtune=core2']
  link line: [ /usr/local/Cellar/gcc/4.9.1/libexec/gcc/x86_64-apple-darwin14.0.0/4.9.1/collect2 -dynamic -arch x86_64 -macosx_version_min 10.10.0 -weak_reference_mismatches non-weak -o cmTryCompileExec3222562297 -L/usr/local/Cellar/gcc/4.9.1/lib/gcc/x86_64-apple-darwin14.0.0/4.9.1 -L/usr/local/Cellar/gcc/4.9.1/lib/gcc/x86_64-apple-darwin14.0.0/4.9.1/../../.. -search_paths_first -headerpad_max_install_names -v CMakeFiles/cmTryCompileExec3222562297.dir/CMakeCXXCompilerABI.cpp.o -lstdc++ -no_compact_unwind -lSystem -lgcc_ext.10.5 -lgcc -lSystem -v]
    arg [/usr/local/Cellar/gcc/4.9.1/libexec/gcc/x86_64-apple-darwin14.0.0/4.9.1/collect2] ==> ignore
    arg [-dynamic] ==> ignore
    arg [-arch] ==> ignore
    arg [x86_64] ==> ignore
    arg [-macosx_version_min] ==> ignore
    arg [10.10.0] ==> ignore
    arg [-weak_reference_mismatches] ==> ignore
    arg [non-weak] ==> ignore
    arg [-o] ==> ignore
    arg [cmTryCompileExec3222562297] ==> ignore
    arg [-L/usr/local/Cellar/gcc/4.9.1/lib/gcc/x86_64-apple-darwin14.0.0/4.9.1] ==> dir [/usr/local/Cellar/gcc/4.9.1/lib/gcc/x86_64-apple-darwin14.0.0/4.9.1]
    arg [-L/usr/local/Cellar/gcc/4.9.1/lib/gcc/x86_64-apple-darwin14.0.0/4.9.1/../../..] ==> dir [/usr/local/Cellar/gcc/4.9.1/lib/gcc/x86_64-apple-darwin14.0.0/4.9.1/../../..]
    arg [-search_paths_first] ==> ignore
    arg [-headerpad_max_install_names] ==> ignore
    arg [-v] ==> ignore
    arg [CMakeFiles/cmTryCompileExec3222562297.dir/CMakeCXXCompilerABI.cpp.o] ==> ignore
    arg [-lstdc++] ==> lib [stdc++]
    arg [-no_compact_unwind] ==> ignore
    arg [-lSystem] ==> lib [System]
    arg [-lgcc_ext.10.5] ==> lib [gcc_ext.10.5]
    arg [-lgcc] ==> lib [gcc]
    arg [-lSystem] ==> lib [System]
    arg [-v] ==> ignore
  Library search paths: [;/usr/local/Cellar/gcc/4.9.1/lib/gcc/x86_64-apple-darwin14.0.0/4.9.1;/usr/local/Cellar/gcc/4.9.1/lib;/usr/lib;/usr/local/lib]
  Framework search paths: [;/Library/Frameworks/;/System/Library/Frameworks/]
  remove lib [System]
  remove lib [gcc_ext.10.5]
  remove lib [gcc]
  remove lib [System]
  collapse library dir [/usr/local/Cellar/gcc/4.9.1/lib/gcc/x86_64-apple-darwin14.0.0/4.9.1] ==> [/usr/local/Cellar/gcc/4.9.1/lib/gcc/x86_64-apple-darwin14.0.0/4.9.1]
  collapse library dir [/usr/local/Cellar/gcc/4.9.1/lib/gcc/x86_64-apple-darwin14.0.0/4.9.1/../../..] ==> [/usr/local/Cellar/gcc/4.9.1/lib]
  collapse library dir [/usr/local/Cellar/gcc/4.9.1/lib/gcc/x86_64-apple-darwin14.0.0/4.9.1] ==> [/usr/local/Cellar/gcc/4.9.1/lib/gcc/x86_64-apple-darwin14.0.0/4.9.1]
  collapse library dir [/usr/local/Cellar/gcc/4.9.1/lib] ==> [/usr/local/Cellar/gcc/4.9.1/lib]
  collapse library dir [/usr/lib] ==> [/usr/lib]
  collapse library dir [/usr/local/lib] ==> [/usr/local/lib]
  collapse framework dir [/Library/Frameworks/] ==> [/Library/Frameworks]
  collapse framework dir [/System/Library/Frameworks/] ==> [/System/Library/Frameworks]
  implicit libs: [stdc++]
  implicit dirs: [/usr/local/Cellar/gcc/4.9.1/lib/gcc/x86_64-apple-darwin14.0.0/4.9.1;/usr/local/Cellar/gcc/4.9.1/lib;/usr/lib;/usr/local/lib]
  implicit fwks: [/Library/Frameworks;/System/Library/Frameworks]


Determining if files pthread.h exist passed with the following output:
Change Dir: /Users/calvin/Dropbox/My Documents/UBC Stuff/2014W/CPSC 221/Projects/pp3/build/CMakeFiles/CMakeTmp

Run Build Command:"/usr/bin/make" "cmTryCompileExec179094304/fast"
/Applications/Xcode.app/Contents/Developer/usr/bin/make -f CMakeFiles/cmTryCompileExec179094304.dir/build.make CMakeFiles/cmTryCompileExec179094304.dir/build
/Applications/CMake.app/Contents/bin/cmake -E cmake_progress_report "/Users/calvin/Dropbox/My Documents/UBC Stuff/2014W/CPSC 221/Projects/pp3/build/CMakeFiles/CMakeTmp/CMakeFiles" 1
Building C object CMakeFiles/cmTryCompileExec179094304.dir/CheckIncludeFiles.c.o
/usr/local/Cellar/gcc/4.9.1/bin/gcc-4.9    -o CMakeFiles/cmTryCompileExec179094304.dir/CheckIncludeFiles.c.o   -c "/Users/calvin/Dropbox/My Documents/UBC Stuff/2014W/CPSC 221/Projects/pp3/build/CMakeFiles/CMakeTmp/CheckIncludeFiles.c"
Linking C executable cmTryCompileExec179094304
/Applications/CMake.app/Contents/bin/cmake -E cmake_link_script CMakeFiles/cmTryCompileExec179094304.dir/link.txt --verbose=1
/usr/local/Cellar/gcc/4.9.1/bin/gcc-4.9    -Wl,-search_paths_first -Wl,-headerpad_max_install_names   CMakeFiles/cmTryCompileExec179094304.dir/CheckIncludeFiles.c.o  -o cmTryCompileExec179094304  


Determining if the pthread_create exist passed with the following output:
Change Dir: /Users/calvin/Dropbox/My Documents/UBC Stuff/2014W/CPSC 221/Projects/pp3/build/CMakeFiles/CMakeTmp

Run Build Command:"/usr/bin/make" "cmTryCompileExec1706359461/fast"
/Applications/Xcode.app/Contents/Developer/usr/bin/make -f CMakeFiles/cmTryCompileExec1706359461.dir/build.make CMakeFiles/cmTryCompileExec1706359461.dir/build
/Applications/CMake.app/Contents/bin/cmake -E cmake_progress_report "/Users/calvin/Dropbox/My Documents/UBC Stuff/2014W/CPSC 221/Projects/pp3/build/CMakeFiles/CMakeTmp/CMakeFiles" 1
Building C object CMakeFiles/cmTryCompileExec1706359461.dir/CheckSymbolExists.c.o
/usr/local/Cellar/gcc/4.9.1/bin/gcc-4.9    -o CMakeFiles/cmTryCompileExec1706359461.dir/CheckSymbolExists.c.o   -c "/Users/calvin/Dropbox/My Documents/UBC Stuff/2014W/CPSC 221/Projects/pp3/build/CMakeFiles/CMakeTmp/CheckSymbolExists.c"
Linking C executable cmTryCompileExec1706359461
/Applications/CMake.app/Contents/bin/cmake -E cmake_link_script CMakeFiles/cmTryCompileExec1706359461.dir/link.txt --verbose=1
/usr/local/Cellar/gcc/4.9.1/bin/gcc-4.9    -Wl,-search_paths_first -Wl,-headerpad_max_install_names   CMakeFiles/cmTryCompileExec1706359461.dir/CheckSymbolExists.c.o  -o cmTryCompileExec1706359461  

File /Users/calvin/Dropbox/My Documents/UBC Stuff/2014W/CPSC 221/Projects/pp3/build/CMakeFiles/CMakeTmp/CheckSymbolExists.c:
/* */
#include <pthread.h>

int main(int argc, char** argv)
{
  (void)argv;
#ifndef pthread_create
  return ((int*)(&pthread_create))[argc];
#else
  (void)argc;
  return 0;
#endif
}

